<?xml version="1.0" encoding="UTF-8"?>
<!-- Generated by org.testng.reporters.JUnitReportReporter -->
<testsuite skipped="0" hostname="Fargabs-MacBook-Pro.local" name="testPages.HomepagesTest" tests="1" failures="0" timestamp="27 Sep 2022 00:56:12 GMT" time="28.187" errors="0">
  <testcase name="healthButton" time="28.187" classname="testPages.HomepagesTest"/>
</testsuite> <!-- testPages.HomepagesTest -->
