<?xml version="1.0" encoding="UTF-8"?>
<!-- Generated by org.testng.reporters.JUnitReportReporter -->
<testsuite skipped="33" hostname="Fargabs-MacBook-Pro.local" name="testPages.HomepagesTest" tests="34" failures="0" timestamp="05 Oct 2022 21:38:38 GMT" time="24.605" errors="0">
  <testcase name="use_of_getTitle_method1_with_assertion1" time="24.605" classname="testPages.HomepagesTest"/>
  <testcase name="loginButtonTest" classname="testPages.HomepagesTest">
    <skipped/>
  </testcase> <!-- loginButtonTest -->
  <testcase name="termsandConditionsLinkTest" classname="testPages.HomepagesTest">
    <skipped/>
  </testcase> <!-- termsandConditionsLinkTest -->
  <testcase name="searchFieldTest" classname="testPages.HomepagesTest">
    <skipped/>
  </testcase> <!-- searchFieldTest -->
  <testcase name="logoTest01" classname="testPages.HomepagesTest">
    <skipped/>
  </testcase> <!-- logoTest01 -->
  <testcase name="forgotUsernameOrPassword" classname="testPages.HomepagesTest">
    <skipped/>
  </testcase> <!-- forgotUsernameOrPassword -->
  <testcase name="use_of_sendKeys_mathod_then_click_submit_and_then_clear" classname="testPages.HomepagesTest">
    <skipped/>
  </testcase> <!-- use_of_sendKeys_mathod_then_click_submit_and_then_clear -->
  <testcase name="shrechicon" classname="testPages.HomepagesTest">
    <skipped/>
  </testcase> <!-- shrechicon -->
  <testcase name="insuranceButton" classname="testPages.HomepagesTest">
    <skipped/>
  </testcase> <!-- insuranceButton -->
  <testcase name="usernameClickTest" classname="testPages.HomepagesTest">
    <skipped/>
  </testcase> <!-- usernameClickTest -->
  <testcase name="use_of_getTitle_method1_with_assertion" classname="testPages.HomepagesTest">
    <skipped/>
  </testcase> <!-- use_of_getTitle_method1_with_assertion -->
  <testcase name="userIdFieldTest" classname="testPages.HomepagesTest">
    <skipped/>
  </testcase> <!-- userIdFieldTest -->
  <testcase name="mouseHoverActionOnAboutUs" classname="testPages.HomepagesTest">
    <skipped/>
  </testcase> <!-- mouseHoverActionOnAboutUs -->
  <testcase name="setASpecificSizeOfWindow" classname="testPages.HomepagesTest">
    <skipped/>
  </testcase> <!-- setASpecificSizeOfWindow -->
  <testcase name="logoTest1" classname="testPages.HomepagesTest">
    <skipped/>
  </testcase> <!-- logoTest1 -->
  <testcase name="carInsuranceButtonClickTest" classname="testPages.HomepagesTest">
    <skipped/>
  </testcase> <!-- carInsuranceButtonClickTest -->
  <testcase name="dropdown_selectByIndex_method" classname="testPages.HomepagesTest">
    <skipped/>
  </testcase> <!-- dropdown_selectByIndex_method -->
  <testcase name="use_of_navigate_method" classname="testPages.HomepagesTest">
    <skipped/>
  </testcase> <!-- use_of_navigate_method -->
  <testcase name="dropdown_selectByVisisbleText_method" classname="testPages.HomepagesTest">
    <skipped/>
  </testcase> <!-- dropdown_selectByVisisbleText_method -->
  <testcase name="healthButton" classname="testPages.HomepagesTest">
    <skipped/>
  </testcase> <!-- healthButton -->
  <testcase name="use_of_getText_method" classname="testPages.HomepagesTest">
    <skipped/>
  </testcase> <!-- use_of_getText_method -->
  <testcase name="use_of_getTitle_method" classname="testPages.HomepagesTest">
    <skipped/>
  </testcase> <!-- use_of_getTitle_method -->
  <testcase name="use_of_isSelected_method" classname="testPages.HomepagesTest">
    <skipped/>
  </testcase> <!-- use_of_isSelected_method -->
  <testcase name="use_of_sendKeys_mathod" classname="testPages.HomepagesTest">
    <skipped/>
  </testcase> <!-- use_of_sendKeys_mathod -->
  <testcase name="logoTest" classname="testPages.HomepagesTest">
    <skipped/>
  </testcase> <!-- logoTest -->
  <testcase name="groceryButtonTest" classname="testPages.HomepagesTest">
    <skipped/>
  </testcase> <!-- groceryButtonTest -->
  <testcase name="usernameTest" classname="testPages.HomepagesTest">
    <skipped/>
  </testcase> <!-- usernameTest -->
  <testcase name="logoTestClickTest" classname="testPages.HomepagesTest">
    <skipped/>
  </testcase> <!-- logoTestClickTest -->
  <testcase name="use_of_getAttribute_method" classname="testPages.HomepagesTest">
    <skipped/>
  </testcase> <!-- use_of_getAttribute_method -->
  <testcase name="dropdown_selectByValue_method" classname="testPages.HomepagesTest">
    <skipped/>
  </testcase> <!-- dropdown_selectByValue_method -->
  <testcase name="insurancreButtonClickTest" classname="testPages.HomepagesTest">
    <skipped/>
  </testcase> <!-- insurancreButtonClickTest -->
  <testcase name="loginButtonTest01" classname="testPages.HomepagesTest">
    <skipped/>
  </testcase> <!-- loginButtonTest01 -->
  <testcase name="yourPrivacyRightsTest" classname="testPages.HomepagesTest">
    <skipped/>
  </testcase> <!-- yourPrivacyRightsTest -->
  <testcase name="use_of_getCurrentURl_method" classname="testPages.HomepagesTest">
    <skipped/>
  </testcase> <!-- use_of_getCurrentURl_method -->
</testsuite> <!-- testPages.HomepagesTest -->
