<?xml version="1.0" encoding="UTF-8"?>
<!-- Generated by org.testng.reporters.JUnitReportReporter -->
<testsuite skipped="16" hostname="Fargabs-MacBook-Pro.local" name="testPages.HomepagesTest" tests="18" failures="0" timestamp="30 Sep 2022 22:37:59 GMT" time="42.237" errors="0">
  <testcase name="logoTest01" time="20.535" classname="testPages.HomepagesTest"/>
  <testcase name="loginButtonTest01" time="21.702" classname="testPages.HomepagesTest"/>
  <testcase name="loginButtonTest" classname="testPages.HomepagesTest">
    <skipped/>
  </testcase> <!-- loginButtonTest -->
  <testcase name="termsandConditionsLinkTest" classname="testPages.HomepagesTest">
    <skipped/>
  </testcase> <!-- termsandConditionsLinkTest -->
  <testcase name="searchFieldTest" classname="testPages.HomepagesTest">
    <skipped/>
  </testcase> <!-- searchFieldTest -->
  <testcase name="healthButton" classname="testPages.HomepagesTest">
    <skipped/>
  </testcase> <!-- healthButton -->
  <testcase name="forgotUsernameOrPassword" classname="testPages.HomepagesTest">
    <skipped/>
  </testcase> <!-- forgotUsernameOrPassword -->
  <testcase name="logoTest" classname="testPages.HomepagesTest">
    <skipped/>
  </testcase> <!-- logoTest -->
  <testcase name="shrechicon" classname="testPages.HomepagesTest">
    <skipped/>
  </testcase> <!-- shrechicon -->
  <testcase name="groceryButtonTest" classname="testPages.HomepagesTest">
    <skipped/>
  </testcase> <!-- groceryButtonTest -->
  <testcase name="usernameTest" classname="testPages.HomepagesTest">
    <skipped/>
  </testcase> <!-- usernameTest -->
  <testcase name="insuranceButton" classname="testPages.HomepagesTest">
    <skipped/>
  </testcase> <!-- insuranceButton -->
  <testcase name="logoTestClickTest" classname="testPages.HomepagesTest">
    <skipped/>
  </testcase> <!-- logoTestClickTest -->
  <testcase name="usernameClickTest" classname="testPages.HomepagesTest">
    <skipped/>
  </testcase> <!-- usernameClickTest -->
  <testcase name="userIdFieldTest" classname="testPages.HomepagesTest">
    <skipped/>
  </testcase> <!-- userIdFieldTest -->
  <testcase name="insurancreButtonClickTest" classname="testPages.HomepagesTest">
    <skipped/>
  </testcase> <!-- insurancreButtonClickTest -->
  <testcase name="carInsuranceButtonClickTest" classname="testPages.HomepagesTest">
    <skipped/>
  </testcase> <!-- carInsuranceButtonClickTest -->
  <testcase name="yourPrivacyRightsTest" classname="testPages.HomepagesTest">
    <skipped/>
  </testcase> <!-- yourPrivacyRightsTest -->
</testsuite> <!-- testPages.HomepagesTest -->
