<?xml version="1.0" encoding="UTF-8"?>
<!-- Generated by org.testng.reporters.JUnitReportReporter -->
<testsuite skipped="4" hostname="Fargabs-MacBook-Pro.local" name="testPages.HomepagesTest" tests="5" failures="0" timestamp="28 Sep 2022 02:38:04 GMT" time="39.623" errors="0">
  <testcase name="healthButton" time="39.623" classname="testPages.HomepagesTest"/>
  <testcase name="loginButtonTest" classname="testPages.HomepagesTest">
    <skipped/>
  </testcase> <!-- loginButtonTest -->
  <testcase name="insuranceButton" classname="testPages.HomepagesTest">
    <skipped/>
  </testcase> <!-- insuranceButton -->
  <testcase name="userIdFieldTest" classname="testPages.HomepagesTest">
    <skipped/>
  </testcase> <!-- userIdFieldTest -->
  <testcase name="logoTest" classname="testPages.HomepagesTest">
    <skipped/>
  </testcase> <!-- logoTest -->
</testsuite> <!-- testPages.HomepagesTest -->
